[2018-02-12 21:15:01,208][restartedMain][INFO][com.pk10.active.console.ActiveConsole:48] Starting ActiveConsole on rejoice with PID 8708 (D:\workAndStudy\stsws\pk10-console-active\target\classes started by jiongyi in D:\workAndStudy\stsws\pk10-console-active)
[2018-02-12 21:15:01,218][restartedMain][INFO][com.pk10.active.console.ActiveConsole:597] The following profiles are active: dev
[2018-02-12 21:15:01,463][background-preinit][INFO][org.hibernate.validator.internal.util.Version:30] HV000001: Hibernate Validator 5.3.5.Final
[2018-02-12 21:15:01,483][restartedMain][INFO][org.springframework.boot.context.embedded.AnnotationConfigEmbeddedWebApplicationContext:583] Refreshing org.springframework.boot.context.embedded.AnnotationConfigEmbeddedWebApplicationContext@4e9a5dc3: startup date [Mon Feb 12 21:15:01 CST 2018]; root of context hierarchy
[2018-02-12 21:15:03,387][restartedMain][INFO][org.springframework.context.support.PostProcessorRegistrationDelegate$BeanPostProcessorChecker:325] Bean 'propertiesConfig' of type [com.pk10.active.console.config.PropertiesConfig$$EnhancerBySpringCGLIB$$81ff9b8f] is not eligible for getting processed by all BeanPostProcessors (for example: not eligible for auto-proxying)
[2018-02-12 21:15:03,414][restartedMain][INFO][org.springframework.context.support.PostProcessorRegistrationDelegate$BeanPostProcessorChecker:325] Bean 'conversionService' of type [org.springframework.context.support.ConversionServiceFactoryBean] is not eligible for getting processed by all BeanPostProcessors (for example: not eligible for auto-proxying)
[2018-02-12 21:15:03,415][restartedMain][INFO][org.springframework.context.support.PostProcessorRegistrationDelegate$BeanPostProcessorChecker:325] Bean 'conversionService' of type [org.springframework.core.convert.support.DefaultConversionService] is not eligible for getting processed by all BeanPostProcessors (for example: not eligible for auto-proxying)
[2018-02-12 21:15:03,514][restartedMain][INFO][org.springframework.context.support.PostProcessorRegistrationDelegate$BeanPostProcessorChecker:325] Bean 'org.springframework.transaction.annotation.ProxyTransactionManagementConfiguration' of type [org.springframework.transaction.annotation.ProxyTransactionManagementConfiguration$$EnhancerBySpringCGLIB$$c42040c1] is not eligible for getting processed by all BeanPostProcessors (for example: not eligible for auto-proxying)
[2018-02-12 21:15:03,557][restartedMain][INFO][org.springframework.context.support.PostProcessorRegistrationDelegate$BeanPostProcessorChecker:325] Bean 'org.springframework.cache.annotation.ProxyCachingConfiguration' of type [org.springframework.cache.annotation.ProxyCachingConfiguration$$EnhancerBySpringCGLIB$$d3276df] is not eligible for getting processed by all BeanPostProcessors (for example: not eligible for auto-proxying)
[2018-02-12 21:15:03,586][restartedMain][INFO][org.springframework.context.support.PostProcessorRegistrationDelegate$BeanPostProcessorChecker:325] Bean 'org.springframework.boot.autoconfigure.cache.CacheAutoConfiguration' of type [org.springframework.boot.autoconfigure.cache.CacheAutoConfiguration$$EnhancerBySpringCGLIB$$1a63b83] is not eligible for getting processed by all BeanPostProcessors (for example: not eligible for auto-proxying)
[2018-02-12 21:15:03,661][restartedMain][INFO][org.springframework.context.support.PostProcessorRegistrationDelegate$BeanPostProcessorChecker:325] Bean 'spring.cache-org.springframework.boot.autoconfigure.cache.CacheProperties' of type [org.springframework.boot.autoconfigure.cache.CacheProperties] is not eligible for getting processed by all BeanPostProcessors (for example: not eligible for auto-proxying)
[2018-02-12 21:15:03,672][restartedMain][INFO][org.springframework.context.support.PostProcessorRegistrationDelegate$BeanPostProcessorChecker:325] Bean 'cacheManagerCustomizers' of type [org.springframework.boot.autoconfigure.cache.CacheManagerCustomizers] is not eligible for getting processed by all BeanPostProcessors (for example: not eligible for auto-proxying)
[2018-02-12 21:15:03,676][restartedMain][INFO][org.springframework.context.support.PostProcessorRegistrationDelegate$BeanPostProcessorChecker:325] Bean 'org.springframework.boot.autoconfigure.cache.SimpleCacheConfiguration' of type [org.springframework.boot.autoconfigure.cache.SimpleCacheConfiguration$$EnhancerBySpringCGLIB$$a341ae64] is not eligible for getting processed by all BeanPostProcessors (for example: not eligible for auto-proxying)
[2018-02-12 21:15:03,684][restartedMain][INFO][org.springframework.context.support.PostProcessorRegistrationDelegate$BeanPostProcessorChecker:325] Bean 'cacheManager' of type [org.springframework.cache.concurrent.ConcurrentMapCacheManager] is not eligible for getting processed by all BeanPostProcessors (for example: not eligible for auto-proxying)
[2018-02-12 21:15:03,686][restartedMain][INFO][org.springframework.context.support.PostProcessorRegistrationDelegate$BeanPostProcessorChecker:325] Bean 'cacheAutoConfigurationValidator' of type [org.springframework.boot.autoconfigure.cache.CacheAutoConfiguration$CacheManagerValidator] is not eligible for getting processed by all BeanPostProcessors (for example: not eligible for auto-proxying)
[2018-02-12 21:15:04,247][restartedMain][INFO][org.springframework.boot.context.embedded.tomcat.TomcatEmbeddedServletContainer:89] Tomcat initialized with port(s): 80 (http)
[2018-02-12 21:15:04,263][restartedMain][INFO][org.apache.catalina.core.StandardService:179] Starting service [Tomcat]
[2018-02-12 21:15:04,265][restartedMain][INFO][org.apache.catalina.core.StandardEngine:179] Starting Servlet Engine: Apache Tomcat/8.5.20
[2018-02-12 21:15:04,381][localhost-startStop-1][INFO][org.apache.catalina.core.ContainerBase.[Tomcat].[localhost].[/]:179] Initializing Spring embedded WebApplicationContext
[2018-02-12 21:15:04,381][localhost-startStop-1][INFO][org.springframework.web.context.ContextLoader:276] Root WebApplicationContext: initialization completed in 2901 ms
[2018-02-12 21:15:04,849][localhost-startStop-1][INFO][org.springframework.boot.web.servlet.ServletRegistrationBean:190] Mapping servlet: 'statViewServlet' to [/druid/*]
[2018-02-12 21:15:04,851][localhost-startStop-1][INFO][org.springframework.boot.web.servlet.ServletRegistrationBean:190] Mapping servlet: 'dispatcherServlet' to [/]
[2018-02-12 21:15:04,856][localhost-startStop-1][INFO][org.springframework.boot.web.servlet.FilterRegistrationBean:258] Mapping filter: 'metricsFilter' to: [/*]
[2018-02-12 21:15:04,856][localhost-startStop-1][INFO][org.springframework.boot.web.servlet.FilterRegistrationBean:258] Mapping filter: 'characterEncodingFilter' to: [/*]
[2018-02-12 21:15:04,856][localhost-startStop-1][INFO][org.springframework.boot.web.servlet.FilterRegistrationBean:258] Mapping filter: 'hiddenHttpMethodFilter' to: [/*]
[2018-02-12 21:15:04,857][localhost-startStop-1][INFO][org.springframework.boot.web.servlet.FilterRegistrationBean:258] Mapping filter: 'httpPutFormContentFilter' to: [/*]
[2018-02-12 21:15:04,857][localhost-startStop-1][INFO][org.springframework.boot.web.servlet.FilterRegistrationBean:258] Mapping filter: 'requestContextFilter' to: [/*]
[2018-02-12 21:15:04,857][localhost-startStop-1][INFO][org.springframework.boot.web.servlet.FilterRegistrationBean:258] Mapping filter: 'webRequestLoggingFilter' to: [/*]
[2018-02-12 21:15:04,857][localhost-startStop-1][INFO][org.springframework.boot.web.servlet.FilterRegistrationBean:271] Mapping filter: 'webStatFilter' to urls: [/*]
[2018-02-12 21:15:04,858][localhost-startStop-1][INFO][org.springframework.boot.web.servlet.FilterRegistrationBean:258] Mapping filter: 'applicationContextIdFilter' to: [/*]
[2018-02-12 21:15:05,554][restartedMain][INFO][com.alibaba.druid.pool.DruidDataSource:106] {dataSource-1} inited
[2018-02-12 21:15:06,278][restartedMain][INFO][org.springframework.web.servlet.mvc.method.annotation.RequestMappingHandlerMapping:543] Mapped "{[/qrcode],methods=[GET],produces=[image/png]}" onto public org.springframework.http.ResponseEntity<byte[]> com.pk10.active.console.ActiveConsole.getQRCode(java.lang.String)
[2018-02-12 21:15:06,280][restartedMain][INFO][org.springframework.web.servlet.mvc.method.annotation.RequestMappingHandlerMapping:543] Mapped "{[/qrcode],methods=[DELETE]}" onto public void com.pk10.active.console.ActiveConsole.deleteAllCachedImages()
[2018-02-12 21:15:06,282][restartedMain][INFO][org.springframework.web.servlet.mvc.method.annotation.RequestMappingHandlerMapping:543] Mapped "{[/page/**/*.html],methods=[GET]}" onto public java.lang.String com.pk10.active.console.controller.PageController.toPage(javax.servlet.http.HttpServletRequest)
[2018-02-12 21:15:06,282][restartedMain][INFO][org.springframework.web.servlet.mvc.method.annotation.RequestMappingHandlerMapping:543] Mapped "{[],methods=[GET]}" onto public java.lang.String com.pk10.active.console.controller.PageController.toHome()
[2018-02-12 21:15:06,283][restartedMain][INFO][org.springframework.web.servlet.mvc.method.annotation.RequestMappingHandlerMapping:543] Mapped "{[/pdf/b],methods=[GET]}" onto public org.springframework.web.servlet.ModelAndView com.pk10.active.console.controller.PdfController.b()
[2018-02-12 21:15:06,283][restartedMain][INFO][org.springframework.web.servlet.mvc.method.annotation.RequestMappingHandlerMapping:543] Mapped "{[/pdf/a],methods=[GET]}" onto public org.springframework.web.servlet.ModelAndView com.pk10.active.console.controller.PdfController.a()
[2018-02-12 21:15:06,284][restartedMain][INFO][org.springframework.web.servlet.mvc.method.annotation.RequestMappingHandlerMapping:543] Mapped "{[/pdf/simpleForm],methods=[GET]}" onto public org.springframework.web.servlet.ModelAndView com.pk10.active.console.controller.PdfController.simpleForm()
[2018-02-12 21:15:06,289][restartedMain][INFO][org.springframework.web.servlet.mvc.method.annotation.RequestMappingHandlerMapping:543] Mapped "{[/rule-number/client/list-by-rank],methods=[GET]}" onto public com.pk10.active.console.common.bean.Result<java.util.Map<java.lang.Integer, java.util.List<com.pk10.active.console.entity.RuleNumber>>> com.pk10.active.console.controller.RuleNumberController.listByRank()
[2018-02-12 21:15:06,290][restartedMain][INFO][org.springframework.web.servlet.mvc.method.annotation.RequestMappingHandlerMapping:543] Mapped "{[/rule-number],methods=[PUT]}" onto public void com.pk10.active.console.controller.BaseController.update(T) throws java.lang.Exception
[2018-02-12 21:15:06,290][restartedMain][INFO][org.springframework.web.servlet.mvc.method.annotation.RequestMappingHandlerMapping:543] Mapped "{[/rule-number/{ids}],methods=[DELETE]}" onto public void com.pk10.active.console.controller.BaseController.delete(java.lang.String)
[2018-02-12 21:15:06,290][restartedMain][INFO][org.springframework.web.servlet.mvc.method.annotation.RequestMappingHandlerMapping:543] Mapped "{[/rule-number],methods=[POST]}" onto public void com.pk10.active.console.controller.BaseController.save(T) throws java.lang.Exception
[2018-02-12 21:15:06,291][restartedMain][INFO][org.springframework.web.servlet.mvc.method.annotation.RequestMappingHandlerMapping:543] Mapped "{[/rule-number/all],methods=[GET]}" onto public org.springframework.http.ResponseEntity<java.util.List<T>> com.pk10.active.console.controller.BaseController.findAll()
[2018-02-12 21:15:06,292][restartedMain][INFO][org.springframework.web.servlet.mvc.method.annotation.RequestMappingHandlerMapping:543] Mapped "{[/rule-number/page],methods=[GET]}" onto public org.springframework.http.ResponseEntity<com.pk10.active.console.common.bean.EasyUIResult> com.pk10.active.console.controller.BaseController.findByPage(java.lang.Integer,java.lang.Integer,java.lang.String[],java.lang.String[],T) throws java.lang.Exception
[2018-02-12 21:15:06,292][restartedMain][INFO][org.springframework.web.servlet.mvc.method.annotation.RequestMappingHandlerMapping:543] Mapped "{[/rule-number/{id}],methods=[GET]}" onto public T com.pk10.active.console.controller.BaseController.getById(java.io.Serializable)
[2018-02-12 21:15:06,296][restartedMain][INFO][org.springframework.web.servlet.mvc.method.annotation.RequestMappingHandlerMapping:543] Mapped "{[/rule-side/client/list-by-rank],methods=[GET]}" onto public com.pk10.active.console.common.bean.Result<java.util.Map<java.lang.Integer, java.util.List<com.pk10.active.console.entity.RuleSide>>> com.pk10.active.console.controller.RuleSideController.listByRank()
[2018-02-12 21:15:06,298][restartedMain][INFO][org.springframework.web.servlet.mvc.method.annotation.RequestMappingHandlerMapping:543] Mapped "{[/rule-side],methods=[PUT]}" onto public void com.pk10.active.console.controller.BaseController.update(T) throws java.lang.Exception
[2018-02-12 21:15:06,300][restartedMain][INFO][org.springframework.web.servlet.mvc.method.annotation.RequestMappingHandlerMapping:543] Mapped "{[/rule-side/{ids}],methods=[DELETE]}" onto public void com.pk10.active.console.controller.BaseController.delete(java.lang.String)
[2018-02-12 21:15:06,302][restartedMain][INFO][org.springframework.web.servlet.mvc.method.annotation.RequestMappingHandlerMapping:543] Mapped "{[/rule-side],methods=[POST]}" onto public void com.pk10.active.console.controller.BaseController.save(T) throws java.lang.Exception
[2018-02-12 21:15:06,303][restartedMain][INFO][org.springframework.web.servlet.mvc.method.annotation.RequestMappingHandlerMapping:543] Mapped "{[/rule-side/all],methods=[GET]}" onto public org.springframework.http.ResponseEntity<java.util.List<T>> com.pk10.active.console.controller.BaseController.findAll()
[2018-02-12 21:15:06,304][restartedMain][INFO][org.springframework.web.servlet.mvc.method.annotation.RequestMappingHandlerMapping:543] Mapped "{[/rule-side/page],methods=[GET]}" onto public org.springframework.http.ResponseEntity<com.pk10.active.console.common.bean.EasyUIResult> com.pk10.active.console.controller.BaseController.findByPage(java.lang.Integer,java.lang.Integer,java.lang.String[],java.lang.String[],T) throws java.lang.Exception
[2018-02-12 21:15:06,305][restartedMain][INFO][org.springframework.web.servlet.mvc.method.annotation.RequestMappingHandlerMapping:543] Mapped "{[/rule-side/{id}],methods=[GET]}" onto public T com.pk10.active.console.controller.BaseController.getById(java.io.Serializable)
[2018-02-12 21:15:06,309][restartedMain][INFO][org.springframework.web.servlet.mvc.method.annotation.RequestMappingHandlerMapping:543] Mapped "{[/user/change-pwd],methods=[PUT]}" onto public com.pk10.active.console.common.bean.Result<java.lang.Boolean> com.pk10.active.console.controller.UserController.changePwd(com.pk10.active.console.entity.User)
[2018-02-12 21:15:06,309][restartedMain][INFO][org.springframework.web.servlet.mvc.method.annotation.RequestMappingHandlerMapping:543] Mapped "{[/user/login],methods=[POST]}" onto public org.springframework.web.servlet.ModelAndView com.pk10.active.console.controller.UserController.login(com.pk10.active.console.entity.User,javax.servlet.http.HttpServletRequest)
[2018-02-12 21:15:06,310][restartedMain][INFO][org.springframework.web.servlet.mvc.method.annotation.RequestMappingHandlerMapping:543] Mapped "{[/user/client/login],methods=[POST]}" onto public com.pk10.active.console.common.bean.Result<java.lang.Object> com.pk10.active.console.controller.UserController.clientLogin(com.pk10.active.console.vo.LoginVo,javax.servlet.http.HttpServletRequest)
[2018-02-12 21:15:06,311][restartedMain][INFO][org.springframework.web.servlet.mvc.method.annotation.RequestMappingHandlerMapping:543] Mapped "{[/user/logout],methods=[GET]}" onto public org.springframework.web.servlet.ModelAndView com.pk10.active.console.controller.UserController.logout(javax.servlet.http.HttpServletRequest)
[2018-02-12 21:15:06,311][restartedMain][INFO][org.springframework.web.servlet.mvc.method.annotation.RequestMappingHandlerMapping:543] Mapped "{[/user/client/register],methods=[POST]}" onto public com.pk10.active.console.common.bean.Result<java.lang.Object> com.pk10.active.console.controller.UserController.clientRegister(com.pk10.active.console.entity.User)
[2018-02-12 21:15:06,312][restartedMain][INFO][org.springframework.web.servlet.mvc.method.annotation.RequestMappingHandlerMapping:543] Mapped "{[/user],methods=[PUT]}" onto public void com.pk10.active.console.controller.BaseController.update(T) throws java.lang.Exception
[2018-02-12 21:15:06,313][restartedMain][INFO][org.springframework.web.servlet.mvc.method.annotation.RequestMappingHandlerMapping:543] Mapped "{[/user/{ids}],methods=[DELETE]}" onto public void com.pk10.active.console.controller.BaseController.delete(java.lang.String)
[2018-02-12 21:15:06,314][restartedMain][INFO][org.springframework.web.servlet.mvc.method.annotation.RequestMappingHandlerMapping:543] Mapped "{[/user],methods=[POST]}" onto public void com.pk10.active.console.controller.BaseController.save(T) throws java.lang.Exception
[2018-02-12 21:15:06,314][restartedMain][INFO][org.springframework.web.servlet.mvc.method.annotation.RequestMappingHandlerMapping:543] Mapped "{[/user/all],methods=[GET]}" onto public org.springframework.http.ResponseEntity<java.util.List<T>> com.pk10.active.console.controller.BaseController.findAll()
[2018-02-12 21:15:06,316][restartedMain][INFO][org.springframework.web.servlet.mvc.method.annotation.RequestMappingHandlerMapping:543] Mapped "{[/user/page],methods=[GET]}" onto public org.springframework.http.ResponseEntity<com.pk10.active.console.common.bean.EasyUIResult> com.pk10.active.console.controller.BaseController.findByPage(java.lang.Integer,java.lang.Integer,java.lang.String[],java.lang.String[],T) throws java.lang.Exception
[2018-02-12 21:15:06,317][restartedMain][INFO][org.springframework.web.servlet.mvc.method.annotation.RequestMappingHandlerMapping:543] Mapped "{[/user/{id}],methods=[GET]}" onto public T com.pk10.active.console.controller.BaseController.getById(java.io.Serializable)
[2018-02-12 21:15:06,321][restartedMain][INFO][org.springframework.web.servlet.mvc.method.annotation.RequestMappingHandlerMapping:543] Mapped "{[/swagger-resources/configuration/security]}" onto public org.springframework.http.ResponseEntity<springfox.documentation.swagger.web.SecurityConfiguration> springfox.documentation.swagger.web.ApiResourceController.securityConfiguration()
[2018-02-12 21:15:06,322][restartedMain][INFO][org.springframework.web.servlet.mvc.method.annotation.RequestMappingHandlerMapping:543] Mapped "{[/swagger-resources]}" onto public org.springframework.http.ResponseEntity<java.util.List<springfox.documentation.swagger.web.SwaggerResource>> springfox.documentation.swagger.web.ApiResourceController.swaggerResources()
[2018-02-12 21:15:06,323][restartedMain][INFO][org.springframework.web.servlet.mvc.method.annotation.RequestMappingHandlerMapping:543] Mapped "{[/swagger-resources/configuration/ui]}" onto public org.springframework.http.ResponseEntity<springfox.documentation.swagger.web.UiConfiguration> springfox.documentation.swagger.web.ApiResourceController.uiConfiguration()
[2018-02-12 21:15:06,326][restartedMain][INFO][org.springframework.web.servlet.mvc.method.annotation.RequestMappingHandlerMapping:543] Mapped "{[/error]}" onto public org.springframework.http.ResponseEntity<java.util.Map<java.lang.String, java.lang.Object>> org.springframework.boot.autoconfigure.web.BasicErrorController.error(javax.servlet.http.HttpServletRequest)
[2018-02-12 21:15:06,327][restartedMain][INFO][org.springframework.web.servlet.mvc.method.annotation.RequestMappingHandlerMapping:543] Mapped "{[/error],produces=[text/html]}" onto public org.springframework.web.servlet.ModelAndView org.springframework.boot.autoconfigure.web.BasicErrorController.errorHtml(javax.servlet.http.HttpServletRequest,javax.servlet.http.HttpServletResponse)
[2018-02-12 21:15:06,718][restartedMain][INFO][org.springframework.boot.actuate.endpoint.mvc.EndpointHandlerMapping:543] Mapped "{[/heapdump || /heapdump.json],methods=[GET],produces=[application/octet-stream]}" onto public void org.springframework.boot.actuate.endpoint.mvc.HeapdumpMvcEndpoint.invoke(boolean,javax.servlet.http.HttpServletRequest,javax.servlet.http.HttpServletResponse) throws java.io.IOException,javax.servlet.ServletException
[2018-02-12 21:15:06,720][restartedMain][INFO][org.springframework.boot.actuate.endpoint.mvc.EndpointHandlerMapping:543] Mapped "{[/autoconfig || /autoconfig.json],methods=[GET],produces=[application/vnd.spring-boot.actuator.v1+json || application/json]}" onto public java.lang.Object org.springframework.boot.actuate.endpoint.mvc.EndpointMvcAdapter.invoke()
[2018-02-12 21:15:06,721][restartedMain][INFO][org.springframework.boot.actuate.endpoint.mvc.EndpointHandlerMapping:543] Mapped "{[/trace || /trace.json],methods=[GET],produces=[application/vnd.spring-boot.actuator.v1+json || application/json]}" onto public java.lang.Object org.springframework.boot.actuate.endpoint.mvc.EndpointMvcAdapter.invoke()
[2018-02-12 21:15:06,724][restartedMain][INFO][org.springframework.boot.actuate.endpoint.mvc.EndpointHandlerMapping:543] Mapped "{[/loggers/{name:.*}],methods=[GET],produces=[application/vnd.spring-boot.actuator.v1+json || application/json]}" onto public java.lang.Object org.springframework.boot.actuate.endpoint.mvc.LoggersMvcEndpoint.get(java.lang.String)
[2018-02-12 21:15:06,725][restartedMain][INFO][org.springframework.boot.actuate.endpoint.mvc.EndpointHandlerMapping:543] Mapped "{[/loggers/{name:.*}],methods=[POST],consumes=[application/vnd.spring-boot.actuator.v1+json || application/json],produces=[application/vnd.spring-boot.actuator.v1+json || application/json]}" onto public java.lang.Object org.springframework.boot.actuate.endpoint.mvc.LoggersMvcEndpoint.set(java.lang.String,java.util.Map<java.lang.String, java.lang.String>)
[2018-02-12 21:15:06,726][restartedMain][INFO][org.springframework.boot.actuate.endpoint.mvc.EndpointHandlerMapping:543] Mapped "{[/loggers || /loggers.json],methods=[GET],produces=[application/vnd.spring-boot.actuator.v1+json || application/json]}" onto public java.lang.Object org.springframework.boot.actuate.endpoint.mvc.EndpointMvcAdapter.invoke()
[2018-02-12 21:15:06,727][restartedMain][INFO][org.springframework.boot.actuate.endpoint.mvc.EndpointHandlerMapping:543] Mapped "{[/dump || /dump.json],methods=[GET],produces=[application/vnd.spring-boot.actuator.v1+json || application/json]}" onto public java.lang.Object org.springframework.boot.actuate.endpoint.mvc.EndpointMvcAdapter.invoke()
[2018-02-12 21:15:06,728][restartedMain][INFO][org.springframework.boot.actuate.endpoint.mvc.EndpointHandlerMapping:543] Mapped "{[/health || /health.json],methods=[GET],produces=[application/vnd.spring-boot.actuator.v1+json || application/json]}" onto public java.lang.Object org.springframework.boot.actuate.endpoint.mvc.HealthMvcEndpoint.invoke(javax.servlet.http.HttpServletRequest,java.security.Principal)
[2018-02-12 21:15:06,730][restartedMain][INFO][org.springframework.boot.actuate.endpoint.mvc.EndpointHandlerMapping:543] Mapped "{[/env/{name:.*}],methods=[GET],produces=[application/vnd.spring-boot.actuator.v1+json || application/json]}" onto public java.lang.Object org.springframework.boot.actuate.endpoint.mvc.EnvironmentMvcEndpoint.value(java.lang.String)
[2018-02-12 21:15:06,731][restartedMain][INFO][org.springframework.boot.actuate.endpoint.mvc.EndpointHandlerMapping:543] Mapped "{[/env || /env.json],methods=[GET],produces=[application/vnd.spring-boot.actuator.v1+json || application/json]}" onto public java.lang.Object org.springframework.boot.actuate.endpoint.mvc.EndpointMvcAdapter.invoke()
[2018-02-12 21:15:06,733][restartedMain][INFO][org.springframework.boot.actuate.endpoint.mvc.EndpointHandlerMapping:543] Mapped "{[/metrics/{name:.*}],methods=[GET],produces=[application/vnd.spring-boot.actuator.v1+json || application/json]}" onto public java.lang.Object org.springframework.boot.actuate.endpoint.mvc.MetricsMvcEndpoint.value(java.lang.String)
[2018-02-12 21:15:06,734][restartedMain][INFO][org.springframework.boot.actuate.endpoint.mvc.EndpointHandlerMapping:543] Mapped "{[/metrics || /metrics.json],methods=[GET],produces=[application/vnd.spring-boot.actuator.v1+json || application/json]}" onto public java.lang.Object org.springframework.boot.actuate.endpoint.mvc.EndpointMvcAdapter.invoke()
[2018-02-12 21:15:06,736][restartedMain][INFO][org.springframework.boot.actuate.endpoint.mvc.EndpointHandlerMapping:543] Mapped "{[/info || /info.json],methods=[GET],produces=[application/vnd.spring-boot.actuator.v1+json || application/json]}" onto public java.lang.Object org.springframework.boot.actuate.endpoint.mvc.EndpointMvcAdapter.invoke()
[2018-02-12 21:15:06,738][restartedMain][INFO][org.springframework.boot.actuate.endpoint.mvc.EndpointHandlerMapping:543] Mapped "{[/auditevents || /auditevents.json],methods=[GET],produces=[application/vnd.spring-boot.actuator.v1+json || application/json]}" onto public org.springframework.http.ResponseEntity<?> org.springframework.boot.actuate.endpoint.mvc.AuditEventsMvcEndpoint.findByPrincipalAndAfterAndType(java.lang.String,java.util.Date,java.lang.String)
[2018-02-12 21:15:06,739][restartedMain][INFO][org.springframework.boot.actuate.endpoint.mvc.EndpointHandlerMapping:543] Mapped "{[/beans || /beans.json],methods=[GET],produces=[application/vnd.spring-boot.actuator.v1+json || application/json]}" onto public java.lang.Object org.springframework.boot.actuate.endpoint.mvc.EndpointMvcAdapter.invoke()
[2018-02-12 21:15:06,740][restartedMain][INFO][org.springframework.boot.actuate.endpoint.mvc.EndpointHandlerMapping:543] Mapped "{[/mappings || /mappings.json],methods=[GET],produces=[application/vnd.spring-boot.actuator.v1+json || application/json]}" onto public java.lang.Object org.springframework.boot.actuate.endpoint.mvc.EndpointMvcAdapter.invoke()
[2018-02-12 21:15:06,741][restartedMain][INFO][org.springframework.boot.actuate.endpoint.mvc.EndpointHandlerMapping:543] Mapped "{[/configprops || /configprops.json],methods=[GET],produces=[application/vnd.spring-boot.actuator.v1+json || application/json]}" onto public java.lang.Object org.springframework.boot.actuate.endpoint.mvc.EndpointMvcAdapter.invoke()
[2018-02-12 21:15:06,967][restartedMain][INFO][springfox.documentation.spring.web.PropertySourcedRequestMappingHandlerMapping:69] Mapped URL path [/v2/api-docs] onto method [public org.springframework.http.ResponseEntity<springfox.documentation.spring.web.json.Json> springfox.documentation.swagger2.web.Swagger2Controller.getDocumentation(java.lang.String,javax.servlet.http.HttpServletRequest)]
[2018-02-12 21:15:07,184][restartedMain][INFO][org.springframework.web.servlet.mvc.method.annotation.RequestMappingHandlerAdapter:534] Looking for @ControllerAdvice: org.springframework.boot.context.embedded.AnnotationConfigEmbeddedWebApplicationContext@4e9a5dc3: startup date [Mon Feb 12 21:15:01 CST 2018]; root of context hierarchy
[2018-02-12 21:15:07,249][restartedMain][INFO][org.springframework.web.servlet.handler.SimpleUrlHandlerMapping:362] Mapped URL path [/webjars/**] onto handler of type [class org.springframework.web.servlet.resource.ResourceHttpRequestHandler]
[2018-02-12 21:15:07,250][restartedMain][INFO][org.springframework.web.servlet.handler.SimpleUrlHandlerMapping:362] Mapped URL path [/**] onto handler of type [class org.springframework.web.servlet.resource.ResourceHttpRequestHandler]
[2018-02-12 21:15:07,279][restartedMain][INFO][org.springframework.web.servlet.mvc.method.annotation.ExceptionHandlerExceptionResolver:273] Detected @ExceptionHandler methods in globalExceptionHandler
[2018-02-12 21:15:07,322][restartedMain][INFO][org.springframework.web.servlet.handler.SimpleUrlHandlerMapping:362] Mapped URL path [/**/favicon.ico] onto handler of type [class org.springframework.web.servlet.resource.ResourceHttpRequestHandler]
[2018-02-12 21:15:08,253][restartedMain][INFO][org.springframework.web.servlet.view.freemarker.FreeMarkerConfigurer:127] ClassTemplateLoader for Spring macros added to FreeMarker configuration
[2018-02-12 21:15:08,501][restartedMain][INFO][org.springframework.boot.devtools.autoconfigure.OptionalLiveReloadServer:58] LiveReload server is running on port 35729
[2018-02-12 21:15:08,583][restartedMain][INFO][org.springframework.jmx.export.annotation.AnnotationMBeanExporter:431] Registering beans for JMX exposure on startup
[2018-02-12 21:15:08,584][restartedMain][INFO][org.springframework.jmx.export.annotation.AnnotationMBeanExporter:916] Bean with name 'dataSource' has been autodetected for JMX exposure
[2018-02-12 21:15:08,592][restartedMain][INFO][org.springframework.jmx.export.annotation.AnnotationMBeanExporter:671] Located MBean 'dataSource': registering with JMX server as MBean [com.alibaba.druid.pool:name=dataSource,type=DruidDataSource]
[2018-02-12 21:15:08,592][restartedMain][INFO][org.springframework.boot.actuate.endpoint.jmx.EndpointMBeanExporter:431] Registering beans for JMX exposure on startup
[2018-02-12 21:15:08,599][restartedMain][INFO][org.springframework.context.support.DefaultLifecycleProcessor:343] Starting beans in phase 0
[2018-02-12 21:15:08,601][restartedMain][INFO][org.springframework.boot.actuate.endpoint.jmx.EndpointMBeanExporter:678] Located managed bean 'auditEventsEndpoint': registering with JMX server as MBean [org.springframework.boot:type=Endpoint,name=auditEventsEndpoint]
[2018-02-12 21:15:08,622][restartedMain][INFO][org.springframework.boot.actuate.endpoint.jmx.EndpointMBeanExporter:678] Located managed bean 'requestMappingEndpoint': registering with JMX server as MBean [org.springframework.boot:type=Endpoint,name=requestMappingEndpoint]
[2018-02-12 21:15:08,633][restartedMain][INFO][org.springframework.boot.actuate.endpoint.jmx.EndpointMBeanExporter:678] Located managed bean 'environmentEndpoint': registering with JMX server as MBean [org.springframework.boot:type=Endpoint,name=environmentEndpoint]
[2018-02-12 21:15:08,639][restartedMain][INFO][org.springframework.boot.actuate.endpoint.jmx.EndpointMBeanExporter:678] Located managed bean 'healthEndpoint': registering with JMX server as MBean [org.springframework.boot:type=Endpoint,name=healthEndpoint]
[2018-02-12 21:15:08,643][restartedMain][INFO][org.springframework.boot.actuate.endpoint.jmx.EndpointMBeanExporter:678] Located managed bean 'beansEndpoint': registering with JMX server as MBean [org.springframework.boot:type=Endpoint,name=beansEndpoint]
[2018-02-12 21:15:08,646][restartedMain][INFO][org.springframework.boot.actuate.endpoint.jmx.EndpointMBeanExporter:678] Located managed bean 'infoEndpoint': registering with JMX server as MBean [org.springframework.boot:type=Endpoint,name=infoEndpoint]
[2018-02-12 21:15:08,649][restartedMain][INFO][org.springframework.boot.actuate.endpoint.jmx.EndpointMBeanExporter:678] Located managed bean 'loggersEndpoint': registering with JMX server as MBean [org.springframework.boot:type=Endpoint,name=loggersEndpoint]
[2018-02-12 21:15:08,657][restartedMain][INFO][org.springframework.boot.actuate.endpoint.jmx.EndpointMBeanExporter:678] Located managed bean 'metricsEndpoint': registering with JMX server as MBean [org.springframework.boot:type=Endpoint,name=metricsEndpoint]
[2018-02-12 21:15:08,660][restartedMain][INFO][org.springframework.boot.actuate.endpoint.jmx.EndpointMBeanExporter:678] Located managed bean 'traceEndpoint': registering with JMX server as MBean [org.springframework.boot:type=Endpoint,name=traceEndpoint]
[2018-02-12 21:15:08,664][restartedMain][INFO][org.springframework.boot.actuate.endpoint.jmx.EndpointMBeanExporter:678] Located managed bean 'dumpEndpoint': registering with JMX server as MBean [org.springframework.boot:type=Endpoint,name=dumpEndpoint]
[2018-02-12 21:15:08,667][restartedMain][INFO][org.springframework.boot.actuate.endpoint.jmx.EndpointMBeanExporter:678] Located managed bean 'autoConfigurationReportEndpoint': registering with JMX server as MBean [org.springframework.boot:type=Endpoint,name=autoConfigurationReportEndpoint]
[2018-02-12 21:15:08,670][restartedMain][INFO][org.springframework.boot.actuate.endpoint.jmx.EndpointMBeanExporter:678] Located managed bean 'configurationPropertiesReportEndpoint': registering with JMX server as MBean [org.springframework.boot:type=Endpoint,name=configurationPropertiesReportEndpoint]
[2018-02-12 21:15:08,676][restartedMain][INFO][org.springframework.context.support.DefaultLifecycleProcessor:343] Starting beans in phase 2147483647
[2018-02-12 21:15:08,676][restartedMain][INFO][springfox.documentation.spring.web.plugins.DocumentationPluginsBootstrapper:147] Context refreshed
[2018-02-12 21:15:08,703][restartedMain][INFO][springfox.documentation.spring.web.plugins.DocumentationPluginsBootstrapper:150] Found 1 custom documentation plugin(s)
[2018-02-12 21:15:08,822][restartedMain][INFO][springfox.documentation.spring.web.scanners.ApiListingReferenceScanner:41] Scanning for api listing references
[2018-02-12 21:15:09,028][restartedMain][INFO][springfox.documentation.spring.web.readers.operation.CachingOperationNameGenerator:40] Generating unique operation named: deleteUsingDELETE_1
[2018-02-12 21:15:09,036][restartedMain][INFO][springfox.documentation.spring.web.readers.operation.CachingOperationNameGenerator:40] Generating unique operation named: findAllUsingGET_1
[2018-02-12 21:15:09,048][restartedMain][INFO][springfox.documentation.spring.web.readers.operation.CachingOperationNameGenerator:40] Generating unique operation named: findByPageUsingGET_1
[2018-02-12 21:15:09,054][restartedMain][INFO][springfox.documentation.spring.web.readers.operation.CachingOperationNameGenerator:40] Generating unique operation named: getByIdUsingGET_1
[2018-02-12 21:15:09,063][restartedMain][INFO][springfox.documentation.spring.web.readers.operation.CachingOperationNameGenerator:40] Generating unique operation named: listByRankUsingGET_1
[2018-02-12 21:15:09,075][restartedMain][INFO][springfox.documentation.spring.web.readers.operation.CachingOperationNameGenerator:40] Generating unique operation named: saveUsingPOST_1
[2018-02-12 21:15:09,082][restartedMain][INFO][springfox.documentation.spring.web.readers.operation.CachingOperationNameGenerator:40] Generating unique operation named: updateUsingPUT_1
[2018-02-12 21:15:09,123][restartedMain][INFO][springfox.documentation.spring.web.readers.operation.CachingOperationNameGenerator:40] Generating unique operation named: deleteUsingDELETE_2
[2018-02-12 21:15:09,132][restartedMain][INFO][springfox.documentation.spring.web.readers.operation.CachingOperationNameGenerator:40] Generating unique operation named: findAllUsingGET_2
[2018-02-12 21:15:09,145][restartedMain][INFO][springfox.documentation.spring.web.readers.operation.CachingOperationNameGenerator:40] Generating unique operation named: findByPageUsingGET_2
[2018-02-12 21:15:09,153][restartedMain][INFO][springfox.documentation.spring.web.readers.operation.CachingOperationNameGenerator:40] Generating unique operation named: getByIdUsingGET_2
[2018-02-12 21:15:09,171][restartedMain][INFO][springfox.documentation.spring.web.readers.operation.CachingOperationNameGenerator:40] Generating unique operation named: saveUsingPOST_2
[2018-02-12 21:15:09,178][restartedMain][INFO][springfox.documentation.spring.web.readers.operation.CachingOperationNameGenerator:40] Generating unique operation named: updateUsingPUT_2
[2018-02-12 21:15:09,203][restartedMain][INFO][org.springframework.scheduling.annotation.ScheduledAnnotationBeanPostProcessor:262] No TaskScheduler/ScheduledExecutorService bean found for scheduled processing
[2018-02-12 21:15:09,219][restartedMain][INFO][org.apache.coyote.http11.Http11NioProtocol:179] Initializing ProtocolHandler ["http-nio-80"]
[2018-02-12 21:15:09,220][pool-2-thread-1][INFO][com.pk10.active.console.common.util.ImageService:51] Purging cache
[2018-02-12 21:15:09,236][restartedMain][INFO][org.apache.coyote.http11.Http11NioProtocol:179] Starting ProtocolHandler ["http-nio-80"]
[2018-02-12 21:15:09,252][restartedMain][INFO][org.apache.tomcat.util.net.NioSelectorPool:179] Using a shared selector for servlet write/read
[2018-02-12 21:15:09,275][restartedMain][INFO][org.springframework.boot.context.embedded.tomcat.TomcatEmbeddedServletContainer:201] Tomcat started on port(s): 80 (http)
[2018-02-12 21:15:09,284][restartedMain][INFO][com.pk10.active.console.ActiveConsole:57] Started ActiveConsole in 8.441 seconds (JVM running for 9.159)
[2018-02-12 21:15:10,357][http-nio-80-exec-1][INFO][org.apache.catalina.core.ContainerBase.[Tomcat].[localhost].[/]:179] Initializing Spring FrameworkServlet 'dispatcherServlet'
[2018-02-12 21:15:10,357][http-nio-80-exec-1][INFO][org.springframework.web.servlet.DispatcherServlet:489] FrameworkServlet 'dispatcherServlet': initialization started
[2018-02-12 21:15:10,385][http-nio-80-exec-1][INFO][org.springframework.web.servlet.DispatcherServlet:508] FrameworkServlet 'dispatcherServlet': initialization completed in 28 ms
[2018-02-12 21:15:10,535][http-nio-80-exec-2][INFO][org.thymeleaf.TemplateEngine:825] [THYMELEAF] INITIALIZING TEMPLATE ENGINE
[2018-02-12 21:15:10,624][http-nio-80-exec-2][INFO][org.thymeleaf.templateresolver.AbstractTemplateResolver:99] [THYMELEAF] INITIALIZING TEMPLATE RESOLVER: org.thymeleaf.spring4.templateresolver.SpringResourceTemplateResolver
[2018-02-12 21:15:10,625][http-nio-80-exec-2][INFO][org.thymeleaf.templateresolver.AbstractTemplateResolver:110] [THYMELEAF] TEMPLATE RESOLVER INITIALIZED OK
[2018-02-12 21:15:10,626][http-nio-80-exec-2][INFO][org.thymeleaf.messageresolver.AbstractMessageResolver:72] [THYMELEAF] INITIALIZING MESSAGE RESOLVER: org.thymeleaf.spring4.messageresolver.SpringMessageResolver
[2018-02-12 21:15:10,626][http-nio-80-exec-2][INFO][org.thymeleaf.messageresolver.AbstractMessageResolver:78] [THYMELEAF] MESSAGE RESOLVER INITIALIZED OK
[2018-02-12 21:15:10,638][http-nio-80-exec-2][INFO][org.thymeleaf.TemplateEngine.CONFIG:123] [THYMELEAF] TEMPLATE ENGINE CONFIGURATION:
[THYMELEAF] * Cache Factory implementation: org.thymeleaf.cache.StandardCacheManager
[THYMELEAF] * Template modes:
[THYMELEAF]     * XML
[THYMELEAF]     * VALIDXHTML
[THYMELEAF]     * XHTML
[THYMELEAF]     * VALIDXML
[THYMELEAF]     * LEGACYHTML5
[THYMELEAF]     * HTML5
[THYMELEAF] * Template resolvers (in order):
[THYMELEAF]     * org.thymeleaf.spring4.templateresolver.SpringResourceTemplateResolver
[THYMELEAF] * Message resolvers (in order):
[THYMELEAF]     * org.thymeleaf.spring4.messageresolver.SpringMessageResolver
[THYMELEAF] * Dialect [1 of 2]: org.thymeleaf.spring4.dialect.SpringStandardDialect
[THYMELEAF]     * Prefix: "th"
[THYMELEAF] * Dialect [2 of 2]: nz.net.ultraq.thymeleaf.LayoutDialect
[THYMELEAF]     * Prefix: "layout"
[THYMELEAF] TEMPLATE ENGINE CONFIGURED OK
[2018-02-12 21:15:10,638][http-nio-80-exec-2][INFO][org.thymeleaf.TemplateEngine:838] [THYMELEAF] TEMPLATE ENGINE INITIALIZED
