[2018-02-15 00:54:25,022][restartedMain][WARN][org.mybatis.spring.mapper.ClassPathMapperScanner:240] Skipping MapperFactoryBean with name 'rechargeRecordMapper' and 'com.pk10.active.console.mapper.RechargeRecordMapper' mapperInterface. Bean already defined with the same name!
[2018-02-15 00:54:25,027][restartedMain][WARN][org.mybatis.spring.mapper.ClassPathMapperScanner:240] Skipping MapperFactoryBean with name 'ruleNumberMapper' and 'com.pk10.active.console.mapper.RuleNumberMapper' mapperInterface. Bean already defined with the same name!
[2018-02-15 00:54:25,028][restartedMain][WARN][org.mybatis.spring.mapper.ClassPathMapperScanner:240] Skipping MapperFactoryBean with name 'ruleSideMapper' and 'com.pk10.active.console.mapper.RuleSideMapper' mapperInterface. Bean already defined with the same name!
[2018-02-15 00:54:25,028][restartedMain][WARN][org.mybatis.spring.mapper.ClassPathMapperScanner:240] Skipping MapperFactoryBean with name 'tradeRecordMapper' and 'com.pk10.active.console.mapper.TradeRecordMapper' mapperInterface. Bean already defined with the same name!
[2018-02-15 00:54:25,029][restartedMain][WARN][org.mybatis.spring.mapper.ClassPathMapperScanner:240] Skipping MapperFactoryBean with name 'userMapper' and 'com.pk10.active.console.mapper.UserMapper' mapperInterface. Bean already defined with the same name!
[2018-02-15 00:54:25,029][restartedMain][WARN][org.mybatis.spring.mapper.ClassPathMapperScanner:167] No MyBatis mapper was found in '[com.pk10.active.console.mapper]' package. Please check your configuration.
[2018-02-15 01:03:34,085][http-nio-80-exec-9][WARN][org.springframework.web.servlet.mvc.method.annotation.ExceptionHandlerExceptionResolver:189] Resolved exception caused by Handler execution: org.springframework.http.converter.HttpMessageNotReadableException: JSON parse error: Can not deserialize value of type java.math.BigDecimal from String "wewe": not a valid representation; nested exception is com.fasterxml.jackson.databind.exc.InvalidFormatException: Can not deserialize value of type java.math.BigDecimal from String "wewe": not a valid representation
 at [Source: java.io.PushbackInputStream@196b881a; line: 1, column: 16] (through reference chain: com.pk10.active.console.entity.RuleNumber["rate"])
[2018-02-15 01:04:24,423][http-nio-80-exec-10][WARN][org.springframework.web.servlet.mvc.method.annotation.ExceptionHandlerExceptionResolver:189] Resolved exception caused by Handler execution: org.springframework.http.converter.HttpMessageNotReadableException: JSON parse error: Can not deserialize value of type java.math.BigDecimal from String "we": not a valid representation; nested exception is com.fasterxml.jackson.databind.exc.InvalidFormatException: Can not deserialize value of type java.math.BigDecimal from String "we": not a valid representation
 at [Source: java.io.PushbackInputStream@4ab14138; line: 1, column: 16] (through reference chain: com.pk10.active.console.entity.RuleNumber["rate"])
[2018-02-15 01:14:21,970][restartedMain][WARN][org.mybatis.spring.mapper.ClassPathMapperScanner:240] Skipping MapperFactoryBean with name 'rechargeRecordMapper' and 'com.pk10.active.console.mapper.RechargeRecordMapper' mapperInterface. Bean already defined with the same name!
[2018-02-15 01:14:21,975][restartedMain][WARN][org.mybatis.spring.mapper.ClassPathMapperScanner:240] Skipping MapperFactoryBean with name 'ruleNumberMapper' and 'com.pk10.active.console.mapper.RuleNumberMapper' mapperInterface. Bean already defined with the same name!
[2018-02-15 01:14:21,975][restartedMain][WARN][org.mybatis.spring.mapper.ClassPathMapperScanner:240] Skipping MapperFactoryBean with name 'ruleSideMapper' and 'com.pk10.active.console.mapper.RuleSideMapper' mapperInterface. Bean already defined with the same name!
[2018-02-15 01:14:21,975][restartedMain][WARN][org.mybatis.spring.mapper.ClassPathMapperScanner:240] Skipping MapperFactoryBean with name 'tradeRecordMapper' and 'com.pk10.active.console.mapper.TradeRecordMapper' mapperInterface. Bean already defined with the same name!
[2018-02-15 01:14:21,976][restartedMain][WARN][org.mybatis.spring.mapper.ClassPathMapperScanner:240] Skipping MapperFactoryBean with name 'userMapper' and 'com.pk10.active.console.mapper.UserMapper' mapperInterface. Bean already defined with the same name!
[2018-02-15 01:14:21,976][restartedMain][WARN][org.mybatis.spring.mapper.ClassPathMapperScanner:167] No MyBatis mapper was found in '[com.pk10.active.console.mapper]' package. Please check your configuration.
[2018-02-15 01:24:37,232][restartedMain][WARN][org.mybatis.spring.mapper.ClassPathMapperScanner:240] Skipping MapperFactoryBean with name 'rechargeRecordMapper' and 'com.pk10.active.console.mapper.RechargeRecordMapper' mapperInterface. Bean already defined with the same name!
[2018-02-15 01:24:37,232][restartedMain][WARN][org.mybatis.spring.mapper.ClassPathMapperScanner:240] Skipping MapperFactoryBean with name 'ruleNumberMapper' and 'com.pk10.active.console.mapper.RuleNumberMapper' mapperInterface. Bean already defined with the same name!
[2018-02-15 01:24:37,232][restartedMain][WARN][org.mybatis.spring.mapper.ClassPathMapperScanner:240] Skipping MapperFactoryBean with name 'ruleSideMapper' and 'com.pk10.active.console.mapper.RuleSideMapper' mapperInterface. Bean already defined with the same name!
[2018-02-15 01:24:37,233][restartedMain][WARN][org.mybatis.spring.mapper.ClassPathMapperScanner:240] Skipping MapperFactoryBean with name 'tradeRecordMapper' and 'com.pk10.active.console.mapper.TradeRecordMapper' mapperInterface. Bean already defined with the same name!
[2018-02-15 01:24:37,233][restartedMain][WARN][org.mybatis.spring.mapper.ClassPathMapperScanner:240] Skipping MapperFactoryBean with name 'userMapper' and 'com.pk10.active.console.mapper.UserMapper' mapperInterface. Bean already defined with the same name!
[2018-02-15 01:24:37,233][restartedMain][WARN][org.mybatis.spring.mapper.ClassPathMapperScanner:167] No MyBatis mapper was found in '[com.pk10.active.console.mapper]' package. Please check your configuration.
[2018-02-15 01:24:57,560][restartedMain][WARN][org.mybatis.spring.mapper.ClassPathMapperScanner:240] Skipping MapperFactoryBean with name 'rechargeRecordMapper' and 'com.pk10.active.console.mapper.RechargeRecordMapper' mapperInterface. Bean already defined with the same name!
[2018-02-15 01:24:57,560][restartedMain][WARN][org.mybatis.spring.mapper.ClassPathMapperScanner:240] Skipping MapperFactoryBean with name 'ruleNumberMapper' and 'com.pk10.active.console.mapper.RuleNumberMapper' mapperInterface. Bean already defined with the same name!
[2018-02-15 01:24:57,561][restartedMain][WARN][org.mybatis.spring.mapper.ClassPathMapperScanner:240] Skipping MapperFactoryBean with name 'ruleSideMapper' and 'com.pk10.active.console.mapper.RuleSideMapper' mapperInterface. Bean already defined with the same name!
[2018-02-15 01:24:57,561][restartedMain][WARN][org.mybatis.spring.mapper.ClassPathMapperScanner:240] Skipping MapperFactoryBean with name 'tradeRecordMapper' and 'com.pk10.active.console.mapper.TradeRecordMapper' mapperInterface. Bean already defined with the same name!
[2018-02-15 01:24:57,561][restartedMain][WARN][org.mybatis.spring.mapper.ClassPathMapperScanner:240] Skipping MapperFactoryBean with name 'userMapper' and 'com.pk10.active.console.mapper.UserMapper' mapperInterface. Bean already defined with the same name!
[2018-02-15 01:24:57,561][restartedMain][WARN][org.mybatis.spring.mapper.ClassPathMapperScanner:167] No MyBatis mapper was found in '[com.pk10.active.console.mapper]' package. Please check your configuration.
